<?xml version="1.0" encoding="UTF-8"?>
<!-- Generated by org.testng.reporters.JUnitReportReporter -->
<testsuite hostname="LONC02JH00SDRVF.sea.corp.expecn.com" name="com.hotels.sps.client.CqlDataModelTest" tests="1" failures="0" timestamp="29 Nov 2012 16:47:00 GMT" time="0.090" errors="0">
  <testcase name="read" time="0.090" classname="com.hotels.sps.client.CqlDataModelTest"/>
</testsuite> <!-- com.hotels.sps.client.CqlDataModelTest -->
